<?xml version="1.0" encoding="UTF-8"?>
<testng-results skipped="0" failed="1" total="1" passed="0">
  <reporter-output>
    <line>
      <![CDATA[Setting up the reports and Test Started]]>
    </line>
    <line>
      <![CDATA[Setting Done----> Test can be Started]]>
    </line>
    <line>
      <![CDATA[Trying to start Browser and Getting Application ready]]>
    </line>
    <line>
      <![CDATA[Browser and Application is up and running]]>
    </line>
    <line>
      <![CDATA[Successfully clicked on Search TextField]]>
    </line>
    <line>
      <![CDATA[Test is about to End]]>
    </line>
    <line>
      <![CDATA[Test Completed>>>> Reports Generated]]>
    </line>
  </reporter-output>
  <suite name="Default suite" duration-ms="79557" started-at="2022-08-19T11:00:34Z" finished-at="2022-08-19T11:01:54Z">
    <groups>
    </groups>
    <test name="Default test" duration-ms="79557" started-at="2022-08-19T11:00:34Z" finished-at="2022-08-19T11:01:54Z">
      <class name="com.learnautomation.testcases.VerifyAmazonScenario3Testcase">
        <test-method status="PASS" signature="setUpSuite()[pri:0, instance:com.learnautomation.testcases.VerifyAmazonScenario3Testcase@64616ca2]" name="setUpSuite" is-config="true" duration-ms="721" started-at="2022-08-19T16:30:33Z" finished-at="2022-08-19T16:30:34Z">
          <reporter-output>
            <line>
              <![CDATA[Setting up the reports and Test Started]]>
            </line>
            <line>
              <![CDATA[Setting Done----> Test can be Started]]>
            </line>
          </reporter-output>
        </test-method> <!-- setUpSuite -->
        <test-method status="PASS" signature="setup()[pri:0, instance:com.learnautomation.testcases.VerifyAmazonScenario3Testcase@64616ca2]" name="setup" is-config="true" duration-ms="16880" started-at="2022-08-19T16:30:34Z" finished-at="2022-08-19T16:30:51Z">
          <reporter-output>
            <line>
              <![CDATA[Trying to start Browser and Getting Application ready]]>
            </line>
            <line>
              <![CDATA[Browser and Application is up and running]]>
            </line>
          </reporter-output>
        </test-method> <!-- setup -->
        <test-method status="FAIL" signature="Scenario3()[pri:0, instance:com.learnautomation.testcases.VerifyAmazonScenario3Testcase@64616ca2]" name="Scenario3" duration-ms="59954" started-at="2022-08-19T16:30:51Z" finished-at="2022-08-19T16:31:51Z">
          <exception class="java.lang.NullPointerException">
            <full-stacktrace>
              <![CDATA[java.lang.NullPointerException
	at com.learnautomation.utility.ExcelDataProvider.getStringData(ExcelDataProvider.java:35)
	at com.learnautomation.testcases.VerifyAmazonScenario3Testcase.Scenario3(VerifyAmazonScenario3Testcase.java:17)
	at sun.reflect.NativeMethodAccessorImpl.invoke0(Native Method)
	at sun.reflect.NativeMethodAccessorImpl.invoke(Unknown Source)
	at sun.reflect.DelegatingMethodAccessorImpl.invoke(Unknown Source)
	at java.lang.reflect.Method.invoke(Unknown Source)
	at org.testng.internal.MethodInvocationHelper.invokeMethod(MethodInvocationHelper.java:85)
	at org.testng.internal.Invoker.invokeMethod(Invoker.java:663)
	at org.testng.internal.Invoker.invokeTestMethod(Invoker.java:849)
	at org.testng.internal.Invoker.invokeTestMethods(Invoker.java:1157)
	at org.testng.internal.TestMethodWorker.invokeTestMethods(TestMethodWorker.java:124)
	at org.testng.internal.TestMethodWorker.run(TestMethodWorker.java:108)
	at org.testng.TestRunner.privateRun(TestRunner.java:771)
	at org.testng.TestRunner.run(TestRunner.java:621)
	at org.testng.SuiteRunner.runTest(SuiteRunner.java:357)
	at org.testng.SuiteRunner.runSequentially(SuiteRunner.java:352)
	at org.testng.SuiteRunner.privateRun(SuiteRunner.java:310)
	at org.testng.SuiteRunner.run(SuiteRunner.java:259)
	at org.testng.SuiteRunnerWorker.runSuite(SuiteRunnerWorker.java:52)
	at org.testng.SuiteRunnerWorker.run(SuiteRunnerWorker.java:86)
	at org.testng.TestNG.runSuitesSequentially(TestNG.java:1200)
	at org.testng.TestNG.runSuitesLocally(TestNG.java:1125)
	at org.testng.TestNG.run(TestNG.java:1033)
	at org.testng.remote.RemoteTestNG.run(RemoteTestNG.java:111)
	at org.testng.remote.RemoteTestNG.initAndRun(RemoteTestNG.java:204)
	at org.testng.remote.RemoteTestNG.main(RemoteTestNG.java:175)
]]>
            </full-stacktrace>
          </exception> <!-- java.lang.NullPointerException -->
          <reporter-output>
            <line>
              <![CDATA[Successfully clicked on Search TextField]]>
            </line>
          </reporter-output>
        </test-method> <!-- Scenario3 -->
        <test-method status="PASS" signature="tearDownMethod(org.testng.ITestResult)[pri:0, instance:com.learnautomation.testcases.VerifyAmazonScenario3Testcase@64616ca2]" name="tearDownMethod" is-config="true" duration-ms="1356" started-at="2022-08-19T16:31:51Z" finished-at="2022-08-19T16:31:52Z">
          <params>
            <param index="0">
              <value>
                <![CDATA[[TestResult name=Scenario3 status=FAILURE method=VerifyAmazonScenario3Testcase.Scenario3()[pri:0, instance:com.learnautomation.testcases.VerifyAmazonScenario3Testcase@64616ca2] output=Successfully clicked on Search TextField]]]>
              </value>
            </param>
          </params>
          <reporter-output>
            <line>
              <![CDATA[Test is about to End]]>
            </line>
            <line>
              <![CDATA[Test Completed>>>> Reports Generated]]>
            </line>
          </reporter-output>
        </test-method> <!-- tearDownMethod -->
        <test-method status="PASS" signature="teardown()[pri:0, instance:com.learnautomation.testcases.VerifyAmazonScenario3Testcase@64616ca2]" name="teardown" is-config="true" duration-ms="1361" started-at="2022-08-19T16:31:52Z" finished-at="2022-08-19T16:31:54Z">
          <reporter-output>
          </reporter-output>
        </test-method> <!-- teardown -->
      </class> <!-- com.learnautomation.testcases.VerifyAmazonScenario3Testcase -->
    </test> <!-- Default test -->
  </suite> <!-- Default suite -->
</testng-results>
