<?xml version="1.0" encoding="UTF-8"?>
<!-- Generated by org.testng.reporters.JUnitXMLReporter -->
<testsuite hostname="VDC01LLAP6159" name="Default test(failed)" tests="2" failures="0" timestamp="20 Jul 2022 10:38:51 GMT" time="14.856" errors="0">
  <testcase name="@BeforeClass setup" time="0.0" classname="com.learnautomation.testcases.VerifyAmazonHomePageTestcase">
    <failure type="java.lang.NullPointerException">
      <![CDATA[java.lang.NullPointerException
	at com.learnautomation.pages.BaseClass.setup(BaseClass.java:49)
... Removed 24 stack frames]]>
    </failure>
  </testcase> <!-- @BeforeClass setup -->
  <testcase name="@AfterMethod tearDownMethod" time="0.0" classname="com.learnautomation.testcases.VerifyAmazonHomePageTestcase">
    <skipped/>
  </testcase> <!-- @AfterMethod tearDownMethod -->
  <testcase name="VerifyValidLogin" time="5.286" classname="com.learnautomation.testcases.VerifyAmazonSignInTestcase"/>
  <testcase name="VerifyElementsOfHomePage" time="0.001" classname="com.learnautomation.testcases.VerifyAmazonHomePageTestcase">
    <skipped/>
  </testcase> <!-- VerifyElementsOfHomePage -->
</testsuite> <!-- Default test(failed) -->
